INFO 2015-09-28 09:52:30,368 [org.springframework.web.context.ContextLoader.initWebApplicationContext(ContextLoader.java:285)]   Root WebApplicationContext: initialization started
INFO 2015-09-28 09:52:30,446 [org.springframework.context.support.AbstractApplicationContext.prepareRefresh(AbstractApplicationContext.java:513)]   Refreshing Root WebApplicationContext: startup date [Mon Sep 28 09:52:30 CST 2015]; root of context hierarchy
INFO 2015-09-28 09:52:30,493 [org.springframework.beans.factory.xml.XmlBeanDefinitionReader.loadBeanDefinitions(XmlBeanDefinitionReader.java:316)]   Loading XML bean definitions from class path resource [applicationContext.xml]
INFO 2015-09-28 09:52:30,961 [org.springframework.core.io.support.PropertiesLoaderSupport.loadProperties(PropertiesLoaderSupport.java:172)]   Loading properties file from URL [file:E:/workspace/plugins/portal/portal/jdbc.properties]
INFO 2015-09-28 09:52:31,008 [org.springframework.beans.factory.annotation.AutowiredAnnotationBeanPostProcessor.<init>(AutowiredAnnotationBeanPostProcessor.java:141)]   JSR-330 'javax.inject.Inject' annotation found and supported for autowiring
INFO 2015-09-28 09:52:31,257 [org.springframework.orm.jpa.LocalContainerEntityManagerFactoryBean.createNativeEntityManagerFactory(LocalContainerEntityManagerFactoryBean.java:332)]   Building JPA container EntityManagerFactory for persistence unit 'default'
INFO 2015-09-28 09:52:31,414 [org.hibernate.annotations.common.Version.<clinit>(Version.java:37)]   HCANN000001: Hibernate Commons Annotations {4.0.1.Final}
INFO 2015-09-28 09:52:31,430 [org.hibernate.Version.logVersion(Version.java:41)]   HHH000412: Hibernate Core {4.1.4.Final}
INFO 2015-09-28 09:52:31,430 [org.hibernate.cfg.Environment.<clinit>(Environment.java:239)]   HHH000206: hibernate.properties not found
INFO 2015-09-28 09:52:31,430 [org.hibernate.cfg.Environment.buildBytecodeProvider(Environment.java:342)]   HHH000021: Bytecode provider name : javassist
INFO 2015-09-28 09:52:31,851 [org.hibernate.service.jdbc.connections.internal.ConnectionProviderInitiator.instantiateExplicitConnectionProvider(ConnectionProviderInitiator.java:188)]   HHH000130: Instantiating explicit connection provider: org.hibernate.ejb.connection.InjectedDataSourceConnectionProvider
INFO 2015-09-28 09:52:32,194 [org.hibernate.dialect.Dialect.<init>(Dialect.java:122)]   HHH000400: Using dialect: org.hibernate.dialect.MySQLDialect
INFO 2015-09-28 09:52:32,241 [org.hibernate.engine.transaction.internal.TransactionFactoryInitiator.initiateService(TransactionFactoryInitiator.java:73)]   HHH000268: Transaction strategy: org.hibernate.engine.transaction.internal.jdbc.JdbcTransactionFactory
INFO 2015-09-28 09:52:32,257 [org.hibernate.hql.internal.ast.ASTQueryTranslatorFactory.<init>(ASTQueryTranslatorFactory.java:48)]   HHH000397: Using ASTQueryTranslatorFactory
INFO 2015-09-28 09:52:32,594 [org.hibernate.tool.hbm2ddl.SchemaUpdate.execute(SchemaUpdate.java:182)]   HHH000228: Running hbm2ddl schema update
INFO 2015-09-28 09:52:32,594 [org.hibernate.tool.hbm2ddl.SchemaUpdate.execute(SchemaUpdate.java:193)]   HHH000102: Fetching database metadata
INFO 2015-09-28 09:52:32,610 [org.hibernate.tool.hbm2ddl.SchemaUpdate.execute(SchemaUpdate.java:205)]   HHH000396: Updating schema
INFO 2015-09-28 09:52:32,625 [org.hibernate.tool.hbm2ddl.TableMetadata.<init>(TableMetadata.java:65)]   HHH000261: Table found: test.user
INFO 2015-09-28 09:52:32,625 [org.hibernate.tool.hbm2ddl.TableMetadata.<init>(TableMetadata.java:66)]   HHH000037: Columns: [createtime, id, headphoto, lastlogintime, lastupdatetime, nickname, roles, name, account, password, mobile]
INFO 2015-09-28 09:52:32,625 [org.hibernate.tool.hbm2ddl.TableMetadata.<init>(TableMetadata.java:68)]   HHH000108: Foreign keys: []
INFO 2015-09-28 09:52:32,625 [org.hibernate.tool.hbm2ddl.TableMetadata.<init>(TableMetadata.java:69)]   HHH000126: Indexes: [primary, account]
INFO 2015-09-28 09:52:32,625 [org.hibernate.tool.hbm2ddl.SchemaUpdate.execute(SchemaUpdate.java:240)]   HHH000232: Schema update complete
INFO 2015-09-28 09:52:33,047 [org.springframework.web.servlet.handler.AbstractHandlerMethodMapping.registerHandlerMethod(AbstractHandlerMethodMapping.java:197)]   Mapped "{[/index],methods=[],params=[],headers=[],consumes=[],produces=[],custom=[]}" onto public java.lang.String plugin.portal.controller.IndexController.index(java.lang.String,java.lang.String,org.springframework.ui.ModelMap)
INFO 2015-09-28 09:52:33,047 [org.springframework.web.servlet.handler.AbstractHandlerMethodMapping.registerHandlerMethod(AbstractHandlerMethodMapping.java:197)]   Mapped "{[/login],methods=[],params=[],headers=[],consumes=[],produces=[],custom=[]}" onto public java.lang.String plugin.portal.controller.LoginController.login(plugin.portal.entity.User,org.springframework.ui.ModelMap,javax.servlet.http.HttpServletRequest,javax.servlet.http.HttpServletResponse)
INFO 2015-09-28 09:52:33,047 [org.springframework.web.servlet.handler.AbstractHandlerMethodMapping.registerHandlerMethod(AbstractHandlerMethodMapping.java:197)]   Mapped "{[/logout],methods=[],params=[],headers=[],consumes=[],produces=[],custom=[]}" onto public java.lang.String plugin.portal.controller.LoginController.logout(org.springframework.ui.ModelMap,javax.servlet.http.HttpServletRequest,javax.servlet.http.HttpServletResponse)
INFO 2015-09-28 09:52:33,047 [org.springframework.web.servlet.handler.AbstractHandlerMethodMapping.registerHandlerMethod(AbstractHandlerMethodMapping.java:197)]   Mapped "{[/homepage],methods=[],params=[],headers=[],consumes=[],produces=[],custom=[]}" onto public java.lang.String plugin.portal.controller.MainController.main()
INFO 2015-09-28 09:52:33,047 [org.springframework.web.servlet.handler.AbstractHandlerMethodMapping.registerHandlerMethod(AbstractHandlerMethodMapping.java:197)]   Mapped "{[/noPermission],methods=[],params=[],headers=[],consumes=[],produces=[],custom=[]}" onto public java.lang.String plugin.portal.controller.PermissionController.noPermission()
INFO 2015-09-28 09:52:33,047 [org.springframework.web.servlet.handler.AbstractHandlerMethodMapping.registerHandlerMethod(AbstractHandlerMethodMapping.java:197)]   Mapped "{[/submitRepeat],methods=[],params=[],headers=[],consumes=[],produces=[],custom=[]}" onto public java.lang.String plugin.portal.controller.PermissionController.submitRepeat()
INFO 2015-09-28 09:52:33,047 [org.springframework.web.servlet.handler.AbstractHandlerMethodMapping.registerHandlerMethod(AbstractHandlerMethodMapping.java:197)]   Mapped "{[/user/register],methods=[],params=[],headers=[],consumes=[],produces=[],custom=[]}" onto public java.lang.String plugin.portal.controller.UserController.register(plugin.portal.entity.User,java.lang.String,java.lang.String,org.springframework.ui.ModelMap)
INFO 2015-09-28 09:52:33,047 [org.springframework.web.servlet.handler.AbstractHandlerMethodMapping.registerHandlerMethod(AbstractHandlerMethodMapping.java:197)]   Mapped "{[/user/userinfo],methods=[],params=[],headers=[],consumes=[],produces=[],custom=[]}" onto public java.lang.String plugin.portal.controller.UserController.userInfo(java.lang.String,org.springframework.ui.ModelMap)
INFO 2015-09-28 09:52:33,047 [org.springframework.web.servlet.handler.AbstractHandlerMethodMapping.registerHandlerMethod(AbstractHandlerMethodMapping.java:197)]   Mapped "{[/user/useredit],methods=[],params=[],headers=[],consumes=[],produces=[],custom=[]}" onto public java.lang.String plugin.portal.controller.UserController.userEdit(org.springframework.ui.ModelMap)
INFO 2015-09-28 09:52:33,047 [org.springframework.web.servlet.handler.AbstractHandlerMethodMapping.registerHandlerMethod(AbstractHandlerMethodMapping.java:197)]   Mapped "{[/user/userSave],methods=[],params=[],headers=[],consumes=[],produces=[],custom=[]}" onto public java.lang.String plugin.portal.controller.UserController.userSave(plugin.portal.entity.User,org.springframework.ui.ModelMap)
INFO 2015-09-28 09:52:33,047 [org.springframework.web.servlet.handler.AbstractHandlerMethodMapping.registerHandlerMethod(AbstractHandlerMethodMapping.java:197)]   Mapped "{[/user/changepwd],methods=[],params=[],headers=[],consumes=[],produces=[],custom=[]}" onto public java.lang.String plugin.portal.controller.UserController.changepwd(java.lang.String,java.lang.String,java.lang.String,org.springframework.ui.ModelMap)
INFO 2015-09-28 09:52:33,047 [org.springframework.web.servlet.handler.AbstractHandlerMethodMapping.registerHandlerMethod(AbstractHandlerMethodMapping.java:197)]   Mapped "{[/user/toregister],methods=[],params=[],headers=[],consumes=[],produces=[],custom=[]}" onto public java.lang.String plugin.portal.controller.UserController.toRegister(java.lang.String,java.lang.String,org.springframework.ui.ModelMap)
INFO 2015-09-28 09:52:33,047 [org.springframework.web.servlet.handler.AbstractHandlerMethodMapping.registerHandlerMethod(AbstractHandlerMethodMapping.java:197)]   Mapped "{[/user/password],methods=[],params=[],headers=[],consumes=[],produces=[],custom=[]}" onto public java.lang.String plugin.portal.controller.UserController.password(org.springframework.ui.ModelMap)
INFO 2015-09-28 09:52:33,812 [org.springframework.web.context.ContextLoader.initWebApplicationContext(ContextLoader.java:325)]   Root WebApplicationContext: initialization completed in 3428 ms
INFO 2015-09-28 09:52:33,921 [org.springframework.web.servlet.FrameworkServlet.initServletBean(FrameworkServlet.java:479)]   FrameworkServlet 'mvc': initialization started
INFO 2015-09-28 09:52:33,969 [org.springframework.web.servlet.FrameworkServlet.initServletBean(FrameworkServlet.java:498)]   FrameworkServlet 'mvc': initialization completed in 48 ms
