DEBUG 2015-09-28 09:52:40,829 [plugin.portal.interceptors.LoginInterceptor.preHandle(LoginInterceptor.java:30)]   accept request : /index
DEBUG 2015-09-28 09:52:40,830 [plugin.portal.interceptors.LoginInterceptor.preHandle(LoginInterceptor.java:35)]   accept request is not exclude,validate login.
DEBUG 2015-09-28 09:52:40,838 [plugin.portal.interceptors.LoginInterceptor.preHandle(LoginInterceptor.java:39)]   accept is not allow.
DEBUG 2015-09-28 09:52:40,855 [plugin.portal.interceptors.LoginInterceptor.preHandle(LoginInterceptor.java:30)]   accept request : /login
DEBUG 2015-09-28 09:52:40,856 [plugin.portal.interceptors.LoginInterceptor.preHandle(LoginInterceptor.java:32)]   accept request is exclude.
DEBUG 2015-09-28 09:52:40,856 [plugin.portal.interceptors.PermissionInterceptor.preHandle(PermissionInterceptor.java:30)]   accept request : /login
DEBUG 2015-09-28 09:52:40,858 [plugin.portal.interceptors.PermissionInterceptor.preHandle(PermissionInterceptor.java:33)]   accept request is not in permission control.
DEBUG 2015-09-28 09:52:44,230 [plugin.portal.interceptors.LoginInterceptor.preHandle(LoginInterceptor.java:30)]   accept request : /login
DEBUG 2015-09-28 09:52:44,230 [plugin.portal.interceptors.LoginInterceptor.preHandle(LoginInterceptor.java:32)]   accept request is exclude.
DEBUG 2015-09-28 09:52:44,230 [plugin.portal.interceptors.PermissionInterceptor.preHandle(PermissionInterceptor.java:30)]   accept request : /login
DEBUG 2015-09-28 09:52:44,230 [plugin.portal.interceptors.PermissionInterceptor.preHandle(PermissionInterceptor.java:33)]   accept request is not in permission control.
DEBUG 2015-09-28 09:52:44,554 [plugin.portal.interceptors.LoginInterceptor.preHandle(LoginInterceptor.java:30)]   accept request : /index
DEBUG 2015-09-28 09:52:44,554 [plugin.portal.interceptors.LoginInterceptor.preHandle(LoginInterceptor.java:35)]   accept request is not exclude,validate login.
DEBUG 2015-09-28 09:52:44,555 [plugin.portal.interceptors.LoginInterceptor.preHandle(LoginInterceptor.java:37)]   accept is allow.
DEBUG 2015-09-28 09:52:44,555 [plugin.portal.interceptors.PermissionInterceptor.preHandle(PermissionInterceptor.java:30)]   accept request : /index
DEBUG 2015-09-28 09:52:44,555 [plugin.portal.interceptors.PermissionInterceptor.preHandle(PermissionInterceptor.java:36)]   accept request is in permission control.
DEBUG 2015-09-28 09:52:48,850 [plugin.portal.interceptors.LoginInterceptor.preHandle(LoginInterceptor.java:30)]   accept request : /index
DEBUG 2015-09-28 09:52:48,850 [plugin.portal.interceptors.LoginInterceptor.preHandle(LoginInterceptor.java:35)]   accept request is not exclude,validate login.
DEBUG 2015-09-28 09:52:48,850 [plugin.portal.interceptors.LoginInterceptor.preHandle(LoginInterceptor.java:37)]   accept is allow.
DEBUG 2015-09-28 09:52:48,850 [plugin.portal.interceptors.PermissionInterceptor.preHandle(PermissionInterceptor.java:30)]   accept request : /index
DEBUG 2015-09-28 09:52:48,850 [plugin.portal.interceptors.PermissionInterceptor.preHandle(PermissionInterceptor.java:36)]   accept request is in permission control.
DEBUG 2015-09-28 09:52:48,851 [plugin.portal.interceptors.LoginInterceptor.preHandle(LoginInterceptor.java:30)]   accept request : /WEB-INF/views/index.jsp
DEBUG 2015-09-28 09:52:48,851 [plugin.portal.interceptors.LoginInterceptor.preHandle(LoginInterceptor.java:35)]   accept request is not exclude,validate login.
DEBUG 2015-09-28 09:52:48,851 [plugin.portal.interceptors.LoginInterceptor.preHandle(LoginInterceptor.java:37)]   accept is allow.
DEBUG 2015-09-28 09:52:48,851 [plugin.portal.interceptors.PermissionInterceptor.preHandle(PermissionInterceptor.java:30)]   accept request : /WEB-INF/views/index.jsp
DEBUG 2015-09-28 09:52:48,851 [plugin.portal.interceptors.PermissionInterceptor.preHandle(PermissionInterceptor.java:33)]   accept request is not in permission control.
DEBUG 2015-09-28 09:53:32,080 [plugin.portal.interceptors.LoginInterceptor.preHandle(LoginInterceptor.java:30)]   accept request : /index
DEBUG 2015-09-28 09:53:32,080 [plugin.portal.interceptors.LoginInterceptor.preHandle(LoginInterceptor.java:35)]   accept request is not exclude,validate login.
DEBUG 2015-09-28 09:53:32,080 [plugin.portal.interceptors.LoginInterceptor.preHandle(LoginInterceptor.java:37)]   accept is allow.
DEBUG 2015-09-28 09:53:32,081 [plugin.portal.interceptors.PermissionInterceptor.preHandle(PermissionInterceptor.java:30)]   accept request : /index
DEBUG 2015-09-28 09:53:32,081 [plugin.portal.interceptors.PermissionInterceptor.preHandle(PermissionInterceptor.java:36)]   accept request is in permission control.
DEBUG 2015-09-28 09:53:32,089 [plugin.portal.interceptors.LoginInterceptor.preHandle(LoginInterceptor.java:30)]   accept request : /WEB-INF/views/index.jsp
DEBUG 2015-09-28 09:53:32,089 [plugin.portal.interceptors.LoginInterceptor.preHandle(LoginInterceptor.java:35)]   accept request is not exclude,validate login.
DEBUG 2015-09-28 09:53:32,089 [plugin.portal.interceptors.LoginInterceptor.preHandle(LoginInterceptor.java:37)]   accept is allow.
DEBUG 2015-09-28 09:53:32,089 [plugin.portal.interceptors.PermissionInterceptor.preHandle(PermissionInterceptor.java:30)]   accept request : /WEB-INF/views/index.jsp
DEBUG 2015-09-28 09:53:32,090 [plugin.portal.interceptors.PermissionInterceptor.preHandle(PermissionInterceptor.java:33)]   accept request is not in permission control.
DEBUG 2015-09-28 09:53:37,884 [plugin.portal.interceptors.LoginInterceptor.preHandle(LoginInterceptor.java:30)]   accept request : /index
DEBUG 2015-09-28 09:53:37,884 [plugin.portal.interceptors.LoginInterceptor.preHandle(LoginInterceptor.java:35)]   accept request is not exclude,validate login.
DEBUG 2015-09-28 09:53:37,885 [plugin.portal.interceptors.LoginInterceptor.preHandle(LoginInterceptor.java:37)]   accept is allow.
DEBUG 2015-09-28 09:53:37,885 [plugin.portal.interceptors.PermissionInterceptor.preHandle(PermissionInterceptor.java:30)]   accept request : /index
DEBUG 2015-09-28 09:53:37,885 [plugin.portal.interceptors.PermissionInterceptor.preHandle(PermissionInterceptor.java:36)]   accept request is in permission control.
DEBUG 2015-09-28 09:53:37,889 [plugin.portal.interceptors.LoginInterceptor.preHandle(LoginInterceptor.java:30)]   accept request : /WEB-INF/views/index.jsp
DEBUG 2015-09-28 09:53:37,890 [plugin.portal.interceptors.LoginInterceptor.preHandle(LoginInterceptor.java:35)]   accept request is not exclude,validate login.
DEBUG 2015-09-28 09:53:37,891 [plugin.portal.interceptors.LoginInterceptor.preHandle(LoginInterceptor.java:37)]   accept is allow.
DEBUG 2015-09-28 09:53:37,891 [plugin.portal.interceptors.PermissionInterceptor.preHandle(PermissionInterceptor.java:30)]   accept request : /WEB-INF/views/index.jsp
DEBUG 2015-09-28 09:53:37,892 [plugin.portal.interceptors.PermissionInterceptor.preHandle(PermissionInterceptor.java:33)]   accept request is not in permission control.
DEBUG 2015-09-28 09:53:43,871 [plugin.portal.interceptors.LoginInterceptor.preHandle(LoginInterceptor.java:30)]   accept request : /index
DEBUG 2015-09-28 09:53:43,871 [plugin.portal.interceptors.LoginInterceptor.preHandle(LoginInterceptor.java:35)]   accept request is not exclude,validate login.
DEBUG 2015-09-28 09:53:43,872 [plugin.portal.interceptors.LoginInterceptor.preHandle(LoginInterceptor.java:37)]   accept is allow.
DEBUG 2015-09-28 09:53:43,872 [plugin.portal.interceptors.PermissionInterceptor.preHandle(PermissionInterceptor.java:30)]   accept request : /index
DEBUG 2015-09-28 09:53:43,873 [plugin.portal.interceptors.PermissionInterceptor.preHandle(PermissionInterceptor.java:36)]   accept request is in permission control.
DEBUG 2015-09-28 09:53:43,887 [plugin.portal.interceptors.LoginInterceptor.preHandle(LoginInterceptor.java:30)]   accept request : /WEB-INF/views/index.jsp
DEBUG 2015-09-28 09:53:43,888 [plugin.portal.interceptors.LoginInterceptor.preHandle(LoginInterceptor.java:35)]   accept request is not exclude,validate login.
DEBUG 2015-09-28 09:53:43,888 [plugin.portal.interceptors.LoginInterceptor.preHandle(LoginInterceptor.java:37)]   accept is allow.
DEBUG 2015-09-28 09:53:43,889 [plugin.portal.interceptors.PermissionInterceptor.preHandle(PermissionInterceptor.java:30)]   accept request : /WEB-INF/views/index.jsp
DEBUG 2015-09-28 09:53:43,889 [plugin.portal.interceptors.PermissionInterceptor.preHandle(PermissionInterceptor.java:33)]   accept request is not in permission control.
DEBUG 2015-09-28 09:53:50,121 [plugin.portal.interceptors.LoginInterceptor.preHandle(LoginInterceptor.java:30)]   accept request : /index
DEBUG 2015-09-28 09:53:50,121 [plugin.portal.interceptors.LoginInterceptor.preHandle(LoginInterceptor.java:35)]   accept request is not exclude,validate login.
DEBUG 2015-09-28 09:53:50,121 [plugin.portal.interceptors.LoginInterceptor.preHandle(LoginInterceptor.java:37)]   accept is allow.
DEBUG 2015-09-28 09:53:50,121 [plugin.portal.interceptors.PermissionInterceptor.preHandle(PermissionInterceptor.java:30)]   accept request : /index
DEBUG 2015-09-28 09:53:50,121 [plugin.portal.interceptors.PermissionInterceptor.preHandle(PermissionInterceptor.java:36)]   accept request is in permission control.
DEBUG 2015-09-28 09:53:50,121 [plugin.portal.interceptors.LoginInterceptor.preHandle(LoginInterceptor.java:30)]   accept request : /WEB-INF/views/index.jsp
DEBUG 2015-09-28 09:53:50,121 [plugin.portal.interceptors.LoginInterceptor.preHandle(LoginInterceptor.java:35)]   accept request is not exclude,validate login.
DEBUG 2015-09-28 09:53:50,121 [plugin.portal.interceptors.LoginInterceptor.preHandle(LoginInterceptor.java:37)]   accept is allow.
DEBUG 2015-09-28 09:53:50,121 [plugin.portal.interceptors.PermissionInterceptor.preHandle(PermissionInterceptor.java:30)]   accept request : /WEB-INF/views/index.jsp
DEBUG 2015-09-28 09:53:50,121 [plugin.portal.interceptors.PermissionInterceptor.preHandle(PermissionInterceptor.java:33)]   accept request is not in permission control.
DEBUG 2015-09-28 09:53:52,021 [plugin.portal.interceptors.LoginInterceptor.preHandle(LoginInterceptor.java:30)]   accept request : /index
DEBUG 2015-09-28 09:53:52,021 [plugin.portal.interceptors.LoginInterceptor.preHandle(LoginInterceptor.java:35)]   accept request is not exclude,validate login.
DEBUG 2015-09-28 09:53:52,021 [plugin.portal.interceptors.LoginInterceptor.preHandle(LoginInterceptor.java:37)]   accept is allow.
DEBUG 2015-09-28 09:53:52,021 [plugin.portal.interceptors.PermissionInterceptor.preHandle(PermissionInterceptor.java:30)]   accept request : /index
DEBUG 2015-09-28 09:53:52,022 [plugin.portal.interceptors.PermissionInterceptor.preHandle(PermissionInterceptor.java:36)]   accept request is in permission control.
DEBUG 2015-09-28 09:53:52,033 [plugin.portal.interceptors.LoginInterceptor.preHandle(LoginInterceptor.java:30)]   accept request : /WEB-INF/views/index.jsp
DEBUG 2015-09-28 09:53:52,033 [plugin.portal.interceptors.LoginInterceptor.preHandle(LoginInterceptor.java:35)]   accept request is not exclude,validate login.
DEBUG 2015-09-28 09:53:52,033 [plugin.portal.interceptors.LoginInterceptor.preHandle(LoginInterceptor.java:37)]   accept is allow.
DEBUG 2015-09-28 09:53:52,033 [plugin.portal.interceptors.PermissionInterceptor.preHandle(PermissionInterceptor.java:30)]   accept request : /WEB-INF/views/index.jsp
DEBUG 2015-09-28 09:53:52,035 [plugin.portal.interceptors.PermissionInterceptor.preHandle(PermissionInterceptor.java:33)]   accept request is not in permission control.
DEBUG 2015-09-28 09:53:57,189 [plugin.portal.interceptors.LoginInterceptor.preHandle(LoginInterceptor.java:30)]   accept request : /index
DEBUG 2015-09-28 09:53:57,189 [plugin.portal.interceptors.LoginInterceptor.preHandle(LoginInterceptor.java:35)]   accept request is not exclude,validate login.
DEBUG 2015-09-28 09:53:57,189 [plugin.portal.interceptors.LoginInterceptor.preHandle(LoginInterceptor.java:37)]   accept is allow.
DEBUG 2015-09-28 09:53:57,189 [plugin.portal.interceptors.PermissionInterceptor.preHandle(PermissionInterceptor.java:30)]   accept request : /index
DEBUG 2015-09-28 09:53:57,189 [plugin.portal.interceptors.PermissionInterceptor.preHandle(PermissionInterceptor.java:36)]   accept request is in permission control.
DEBUG 2015-09-28 09:53:57,196 [plugin.portal.interceptors.LoginInterceptor.preHandle(LoginInterceptor.java:30)]   accept request : /WEB-INF/views/index.jsp
DEBUG 2015-09-28 09:53:57,196 [plugin.portal.interceptors.LoginInterceptor.preHandle(LoginInterceptor.java:35)]   accept request is not exclude,validate login.
DEBUG 2015-09-28 09:53:57,196 [plugin.portal.interceptors.LoginInterceptor.preHandle(LoginInterceptor.java:37)]   accept is allow.
DEBUG 2015-09-28 09:53:57,196 [plugin.portal.interceptors.PermissionInterceptor.preHandle(PermissionInterceptor.java:30)]   accept request : /WEB-INF/views/index.jsp
DEBUG 2015-09-28 09:53:57,197 [plugin.portal.interceptors.PermissionInterceptor.preHandle(PermissionInterceptor.java:33)]   accept request is not in permission control.
DEBUG 2015-09-28 09:54:24,563 [plugin.portal.interceptors.LoginInterceptor.preHandle(LoginInterceptor.java:30)]   accept request : /index
DEBUG 2015-09-28 09:54:24,564 [plugin.portal.interceptors.LoginInterceptor.preHandle(LoginInterceptor.java:35)]   accept request is not exclude,validate login.
DEBUG 2015-09-28 09:54:24,564 [plugin.portal.interceptors.LoginInterceptor.preHandle(LoginInterceptor.java:37)]   accept is allow.
DEBUG 2015-09-28 09:54:24,564 [plugin.portal.interceptors.PermissionInterceptor.preHandle(PermissionInterceptor.java:30)]   accept request : /index
DEBUG 2015-09-28 09:54:24,565 [plugin.portal.interceptors.PermissionInterceptor.preHandle(PermissionInterceptor.java:36)]   accept request is in permission control.
DEBUG 2015-09-28 09:54:24,574 [plugin.portal.interceptors.LoginInterceptor.preHandle(LoginInterceptor.java:30)]   accept request : /WEB-INF/views/index.jsp
DEBUG 2015-09-28 09:54:24,574 [plugin.portal.interceptors.LoginInterceptor.preHandle(LoginInterceptor.java:35)]   accept request is not exclude,validate login.
DEBUG 2015-09-28 09:54:24,575 [plugin.portal.interceptors.LoginInterceptor.preHandle(LoginInterceptor.java:37)]   accept is allow.
DEBUG 2015-09-28 09:54:24,575 [plugin.portal.interceptors.PermissionInterceptor.preHandle(PermissionInterceptor.java:30)]   accept request : /WEB-INF/views/index.jsp
DEBUG 2015-09-28 09:54:24,575 [plugin.portal.interceptors.PermissionInterceptor.preHandle(PermissionInterceptor.java:33)]   accept request is not in permission control.
DEBUG 2015-09-28 09:55:04,069 [plugin.portal.interceptors.LoginInterceptor.preHandle(LoginInterceptor.java:30)]   accept request : /logout
DEBUG 2015-09-28 09:55:04,069 [plugin.portal.interceptors.LoginInterceptor.preHandle(LoginInterceptor.java:35)]   accept request is not exclude,validate login.
DEBUG 2015-09-28 09:55:04,070 [plugin.portal.interceptors.LoginInterceptor.preHandle(LoginInterceptor.java:37)]   accept is allow.
DEBUG 2015-09-28 09:55:04,070 [plugin.portal.interceptors.PermissionInterceptor.preHandle(PermissionInterceptor.java:30)]   accept request : /logout
DEBUG 2015-09-28 09:55:04,070 [plugin.portal.interceptors.PermissionInterceptor.preHandle(PermissionInterceptor.java:33)]   accept request is not in permission control.
DEBUG 2015-09-28 09:55:06,600 [plugin.portal.interceptors.LoginInterceptor.preHandle(LoginInterceptor.java:30)]   accept request : /login
DEBUG 2015-09-28 09:55:06,601 [plugin.portal.interceptors.LoginInterceptor.preHandle(LoginInterceptor.java:32)]   accept request is exclude.
DEBUG 2015-09-28 09:55:06,601 [plugin.portal.interceptors.PermissionInterceptor.preHandle(PermissionInterceptor.java:30)]   accept request : /login
DEBUG 2015-09-28 09:55:06,602 [plugin.portal.interceptors.PermissionInterceptor.preHandle(PermissionInterceptor.java:33)]   accept request is not in permission control.
DEBUG 2015-09-28 09:55:06,619 [plugin.portal.interceptors.LoginInterceptor.preHandle(LoginInterceptor.java:30)]   accept request : /index
DEBUG 2015-09-28 09:55:06,620 [plugin.portal.interceptors.LoginInterceptor.preHandle(LoginInterceptor.java:35)]   accept request is not exclude,validate login.
DEBUG 2015-09-28 09:55:06,620 [plugin.portal.interceptors.LoginInterceptor.preHandle(LoginInterceptor.java:37)]   accept is allow.
DEBUG 2015-09-28 09:55:06,620 [plugin.portal.interceptors.PermissionInterceptor.preHandle(PermissionInterceptor.java:30)]   accept request : /index
DEBUG 2015-09-28 09:55:06,620 [plugin.portal.interceptors.PermissionInterceptor.preHandle(PermissionInterceptor.java:36)]   accept request is in permission control.
DEBUG 2015-09-28 09:55:09,938 [plugin.portal.interceptors.LoginInterceptor.preHandle(LoginInterceptor.java:30)]   accept request : /index
DEBUG 2015-09-28 09:55:09,938 [plugin.portal.interceptors.LoginInterceptor.preHandle(LoginInterceptor.java:35)]   accept request is not exclude,validate login.
DEBUG 2015-09-28 09:55:09,938 [plugin.portal.interceptors.LoginInterceptor.preHandle(LoginInterceptor.java:37)]   accept is allow.
DEBUG 2015-09-28 09:55:09,938 [plugin.portal.interceptors.PermissionInterceptor.preHandle(PermissionInterceptor.java:30)]   accept request : /index
DEBUG 2015-09-28 09:55:09,938 [plugin.portal.interceptors.PermissionInterceptor.preHandle(PermissionInterceptor.java:36)]   accept request is in permission control.
DEBUG 2015-09-28 09:55:09,946 [plugin.portal.interceptors.LoginInterceptor.preHandle(LoginInterceptor.java:30)]   accept request : /WEB-INF/views/index.jsp
DEBUG 2015-09-28 09:55:09,946 [plugin.portal.interceptors.LoginInterceptor.preHandle(LoginInterceptor.java:35)]   accept request is not exclude,validate login.
DEBUG 2015-09-28 09:55:09,947 [plugin.portal.interceptors.LoginInterceptor.preHandle(LoginInterceptor.java:37)]   accept is allow.
DEBUG 2015-09-28 09:55:09,947 [plugin.portal.interceptors.PermissionInterceptor.preHandle(PermissionInterceptor.java:30)]   accept request : /WEB-INF/views/index.jsp
DEBUG 2015-09-28 09:55:09,947 [plugin.portal.interceptors.PermissionInterceptor.preHandle(PermissionInterceptor.java:33)]   accept request is not in permission control.
DEBUG 2015-09-28 09:55:52,716 [plugin.portal.interceptors.LoginInterceptor.preHandle(LoginInterceptor.java:30)]   accept request : /index
DEBUG 2015-09-28 09:55:52,716 [plugin.portal.interceptors.LoginInterceptor.preHandle(LoginInterceptor.java:35)]   accept request is not exclude,validate login.
DEBUG 2015-09-28 09:55:52,718 [plugin.portal.interceptors.LoginInterceptor.preHandle(LoginInterceptor.java:37)]   accept is allow.
DEBUG 2015-09-28 09:55:52,718 [plugin.portal.interceptors.PermissionInterceptor.preHandle(PermissionInterceptor.java:30)]   accept request : /index
DEBUG 2015-09-28 09:55:52,718 [plugin.portal.interceptors.PermissionInterceptor.preHandle(PermissionInterceptor.java:36)]   accept request is in permission control.
DEBUG 2015-09-28 09:55:52,725 [plugin.portal.interceptors.LoginInterceptor.preHandle(LoginInterceptor.java:30)]   accept request : /WEB-INF/views/index.jsp
DEBUG 2015-09-28 09:55:52,725 [plugin.portal.interceptors.LoginInterceptor.preHandle(LoginInterceptor.java:35)]   accept request is not exclude,validate login.
DEBUG 2015-09-28 09:55:52,725 [plugin.portal.interceptors.LoginInterceptor.preHandle(LoginInterceptor.java:37)]   accept is allow.
DEBUG 2015-09-28 09:55:52,726 [plugin.portal.interceptors.PermissionInterceptor.preHandle(PermissionInterceptor.java:30)]   accept request : /WEB-INF/views/index.jsp
DEBUG 2015-09-28 09:55:52,726 [plugin.portal.interceptors.PermissionInterceptor.preHandle(PermissionInterceptor.java:33)]   accept request is not in permission control.
DEBUG 2015-09-28 09:55:58,275 [plugin.portal.interceptors.LoginInterceptor.preHandle(LoginInterceptor.java:30)]   accept request : /index
DEBUG 2015-09-28 09:55:58,275 [plugin.portal.interceptors.LoginInterceptor.preHandle(LoginInterceptor.java:35)]   accept request is not exclude,validate login.
DEBUG 2015-09-28 09:55:58,275 [plugin.portal.interceptors.LoginInterceptor.preHandle(LoginInterceptor.java:37)]   accept is allow.
DEBUG 2015-09-28 09:55:58,275 [plugin.portal.interceptors.PermissionInterceptor.preHandle(PermissionInterceptor.java:30)]   accept request : /index
DEBUG 2015-09-28 09:55:58,276 [plugin.portal.interceptors.PermissionInterceptor.preHandle(PermissionInterceptor.java:36)]   accept request is in permission control.
DEBUG 2015-09-28 09:55:58,292 [plugin.portal.interceptors.LoginInterceptor.preHandle(LoginInterceptor.java:30)]   accept request : /WEB-INF/views/index.jsp
DEBUG 2015-09-28 09:55:58,292 [plugin.portal.interceptors.LoginInterceptor.preHandle(LoginInterceptor.java:35)]   accept request is not exclude,validate login.
DEBUG 2015-09-28 09:55:58,293 [plugin.portal.interceptors.LoginInterceptor.preHandle(LoginInterceptor.java:37)]   accept is allow.
DEBUG 2015-09-28 09:55:58,293 [plugin.portal.interceptors.PermissionInterceptor.preHandle(PermissionInterceptor.java:30)]   accept request : /WEB-INF/views/index.jsp
DEBUG 2015-09-28 09:55:58,293 [plugin.portal.interceptors.PermissionInterceptor.preHandle(PermissionInterceptor.java:33)]   accept request is not in permission control.
DEBUG 2015-09-28 09:56:01,150 [plugin.portal.interceptors.LoginInterceptor.preHandle(LoginInterceptor.java:30)]   accept request : /logout
DEBUG 2015-09-28 09:56:01,150 [plugin.portal.interceptors.LoginInterceptor.preHandle(LoginInterceptor.java:35)]   accept request is not exclude,validate login.
DEBUG 2015-09-28 09:56:01,151 [plugin.portal.interceptors.LoginInterceptor.preHandle(LoginInterceptor.java:37)]   accept is allow.
DEBUG 2015-09-28 09:56:01,151 [plugin.portal.interceptors.PermissionInterceptor.preHandle(PermissionInterceptor.java:30)]   accept request : /logout
DEBUG 2015-09-28 09:56:01,151 [plugin.portal.interceptors.PermissionInterceptor.preHandle(PermissionInterceptor.java:33)]   accept request is not in permission control.
DEBUG 2015-09-28 09:56:06,023 [plugin.portal.interceptors.LoginInterceptor.preHandle(LoginInterceptor.java:30)]   accept request : /login
DEBUG 2015-09-28 09:56:06,023 [plugin.portal.interceptors.LoginInterceptor.preHandle(LoginInterceptor.java:32)]   accept request is exclude.
DEBUG 2015-09-28 09:56:06,023 [plugin.portal.interceptors.PermissionInterceptor.preHandle(PermissionInterceptor.java:30)]   accept request : /login
DEBUG 2015-09-28 09:56:06,024 [plugin.portal.interceptors.PermissionInterceptor.preHandle(PermissionInterceptor.java:33)]   accept request is not in permission control.
DEBUG 2015-09-28 09:56:06,060 [plugin.portal.interceptors.LoginInterceptor.preHandle(LoginInterceptor.java:30)]   accept request : /index
DEBUG 2015-09-28 09:56:06,061 [plugin.portal.interceptors.LoginInterceptor.preHandle(LoginInterceptor.java:35)]   accept request is not exclude,validate login.
DEBUG 2015-09-28 09:56:06,061 [plugin.portal.interceptors.LoginInterceptor.preHandle(LoginInterceptor.java:37)]   accept is allow.
DEBUG 2015-09-28 09:56:06,061 [plugin.portal.interceptors.PermissionInterceptor.preHandle(PermissionInterceptor.java:30)]   accept request : /index
DEBUG 2015-09-28 09:56:06,062 [plugin.portal.interceptors.PermissionInterceptor.preHandle(PermissionInterceptor.java:36)]   accept request is in permission control.
DEBUG 2015-09-28 09:56:10,449 [plugin.portal.interceptors.LoginInterceptor.preHandle(LoginInterceptor.java:30)]   accept request : /index
DEBUG 2015-09-28 09:56:10,449 [plugin.portal.interceptors.LoginInterceptor.preHandle(LoginInterceptor.java:35)]   accept request is not exclude,validate login.
DEBUG 2015-09-28 09:56:10,452 [plugin.portal.interceptors.LoginInterceptor.preHandle(LoginInterceptor.java:37)]   accept is allow.
DEBUG 2015-09-28 09:56:10,452 [plugin.portal.interceptors.PermissionInterceptor.preHandle(PermissionInterceptor.java:30)]   accept request : /index
DEBUG 2015-09-28 09:56:10,452 [plugin.portal.interceptors.PermissionInterceptor.preHandle(PermissionInterceptor.java:36)]   accept request is in permission control.
DEBUG 2015-09-28 09:59:33,521 [plugin.portal.interceptors.LoginInterceptor.preHandle(LoginInterceptor.java:30)]   accept request : /index
DEBUG 2015-09-28 09:59:33,521 [plugin.portal.interceptors.LoginInterceptor.preHandle(LoginInterceptor.java:35)]   accept request is not exclude,validate login.
DEBUG 2015-09-28 09:59:33,521 [plugin.portal.interceptors.LoginInterceptor.preHandle(LoginInterceptor.java:37)]   accept is allow.
DEBUG 2015-09-28 09:59:33,521 [plugin.portal.interceptors.PermissionInterceptor.preHandle(PermissionInterceptor.java:30)]   accept request : /index
DEBUG 2015-09-28 09:59:33,522 [plugin.portal.interceptors.PermissionInterceptor.preHandle(PermissionInterceptor.java:36)]   accept request is in permission control.
DEBUG 2015-09-28 09:59:34,429 [plugin.portal.interceptors.LoginInterceptor.preHandle(LoginInterceptor.java:30)]   accept request : /index
DEBUG 2015-09-28 09:59:34,429 [plugin.portal.interceptors.LoginInterceptor.preHandle(LoginInterceptor.java:35)]   accept request is not exclude,validate login.
DEBUG 2015-09-28 09:59:34,429 [plugin.portal.interceptors.LoginInterceptor.preHandle(LoginInterceptor.java:37)]   accept is allow.
DEBUG 2015-09-28 09:59:34,429 [plugin.portal.interceptors.PermissionInterceptor.preHandle(PermissionInterceptor.java:30)]   accept request : /index
DEBUG 2015-09-28 09:59:34,429 [plugin.portal.interceptors.PermissionInterceptor.preHandle(PermissionInterceptor.java:36)]   accept request is in permission control.
DEBUG 2015-09-28 10:00:37,902 [plugin.portal.interceptors.LoginInterceptor.preHandle(LoginInterceptor.java:30)]   accept request : /index
DEBUG 2015-09-28 10:00:37,902 [plugin.portal.interceptors.LoginInterceptor.preHandle(LoginInterceptor.java:35)]   accept request is not exclude,validate login.
DEBUG 2015-09-28 10:00:37,903 [plugin.portal.interceptors.LoginInterceptor.preHandle(LoginInterceptor.java:37)]   accept is allow.
DEBUG 2015-09-28 10:00:37,903 [plugin.portal.interceptors.PermissionInterceptor.preHandle(PermissionInterceptor.java:30)]   accept request : /index
DEBUG 2015-09-28 10:00:37,904 [plugin.portal.interceptors.PermissionInterceptor.preHandle(PermissionInterceptor.java:36)]   accept request is in permission control.
